\BOOKMARK [1][-]{section.1}{Problem 1 - Hopf Bifurcation}{}% 1
\BOOKMARK [2][-]{subsection.1.1}{Part a}{section.1}% 2
\BOOKMARK [2][-]{subsection.1.2}{Part b}{section.1}% 3
\BOOKMARK [2][-]{subsection.1.3}{Part c}{section.1}% 4
\BOOKMARK [1][-]{section.2}{Problem 2}{}% 5
\BOOKMARK [2][-]{subsection.2.1}{Part a}{section.2}% 6
\BOOKMARK [3][-]{subsubsection.2.1.1}{System Linearization}{subsection.2.1}% 7
\BOOKMARK [3][-]{subsubsection.2.1.2}{Bendixon's Criteria}{subsection.2.1}% 8
\BOOKMARK [2][-]{subsection.2.2}{Part b}{section.2}% 9
\BOOKMARK [3][-]{subsubsection.2.2.1}{Bendixon's Criteria}{subsection.2.2}% 10
\BOOKMARK [1][-]{section.3}{Problem 3}{}% 11
\BOOKMARK [2][-]{subsection.3.1}{2.20.1}{section.3}% 12
\BOOKMARK [2][-]{subsection.3.2}{2.20.2}{section.3}% 13
\BOOKMARK [2][-]{subsection.3.3}{2.20.3}{section.3}% 14
\BOOKMARK [2][-]{subsection.3.4}{2.20.4}{section.3}% 15
\BOOKMARK [2][-]{subsection.3.5}{2.20.5}{section.3}% 16
\BOOKMARK [1][-]{section.4}{Problem 4}{}% 17
\BOOKMARK [2][-]{subsection.4.1}{Bendixson's Criterion}{section.4}% 18
\BOOKMARK [2][-]{subsection.4.2}{Poincare-Bendixon Criterion}{section.4}% 19
\BOOKMARK [1][-]{appendix.A}{MATLAB Code:}{}% 20
