\BOOKMARK [1][-]{section.1}{\376\377\000P\000r\000o\000b\000l\000e\000m\000\040\0001}{}% 1
\BOOKMARK [2][-]{subsection.1.1}{\376\377\000P\000a\000r\000t\000\040\000a}{section.1}% 2
\BOOKMARK [3][-]{subsubsection.1.1.1}{\376\377\000E\000q\000u\000i\000l\000i\000b\000r\000i\000u\000m\000\040\000P\000o\000i\000n\000t\000\040\000I\000d\000e\000n\000t\000i\000f\000i\000c\000a\000t\000i\000o\000n}{subsection.1.1}% 3
\BOOKMARK [3][-]{subsubsection.1.1.2}{\376\377\000S\000y\000s\000t\000e\000m\000\040\000L\000i\000n\000e\000a\000r\000i\000z\000a\000t\000i\000o\000n}{subsection.1.1}% 4
\BOOKMARK [3][-]{subsubsection.1.1.3}{\376\377\000L\000i\000n\000e\000a\000r\000i\000z\000e\000d\000\040\000M\000o\000d\000e\000l\000\040\000S\000t\000a\000b\000i\000l\000i\000t\000y}{subsection.1.1}% 5
\BOOKMARK [2][-]{subsection.1.2}{\376\377\000P\000a\000r\000t\000\040\000b}{section.1}% 6
\BOOKMARK [2][-]{subsection.1.3}{\376\377\000P\000a\000r\000t\000\040\000c}{section.1}% 7
\BOOKMARK [1][-]{section.2}{\376\377\000P\000r\000o\000b\000l\000e\000m\000\040\0002\000:}{}% 8
\BOOKMARK [2][-]{subsection.2.1}{\376\377\000P\000a\000r\000t\000\040\000a}{section.2}% 9
\BOOKMARK [2][-]{subsection.2.2}{\376\377\000P\000a\000r\000t\000\040\000b}{section.2}% 10
\BOOKMARK [2][-]{subsection.2.3}{\376\377\000P\000a\000r\000t\000\040\000c}{section.2}% 11
\BOOKMARK [3][-]{subsubsection.2.3.1}{\376\377\000P\000a\000r\000t\000\040\000d}{subsection.2.3}% 12
\BOOKMARK [1][-]{section.3}{\376\377\000P\000r\000o\000b\000l\000e\000m\000\040\0003}{}% 13
\BOOKMARK [2][-]{subsection.3.1}{\376\377\000S\000y\000s\000t\000e\000m\000\040\000a\000n\000d\000\040\000S\000t\000o\000r\000a\000g\000e\000\040\000F\000u\000n\000c\000t\000i\000o\000n\000\040\000D\000e\000f\000i\000n\000i\000t\000i\000o\000n}{section.3}% 14
\BOOKMARK [2][-]{subsection.3.2}{\376\377\000P\000r\000o\000b\000i\000n\000g\000\040\000I\000n\000p\000u\000t\000/\000O\000u\000t\000p\000u\000t\000\040\000P\000a\000s\000s\000i\000v\000i\000t\000y}{section.3}% 15
\BOOKMARK [2][-]{subsection.3.3}{\376\377\000A\000p\000p\000l\000y\000i\000n\000g\000\040\000P\000a\000s\000s\000i\000v\000i\000t\000y\000\040\000T\000h\000e\000o\000r\000e\000m}{section.3}% 16
\BOOKMARK [1][-]{section.4}{\376\377\000P\000r\000o\000b\000l\000e\000m\000\040\0004}{}% 17
\BOOKMARK [2][-]{subsection.4.1}{\376\377\000P\000a\000r\000t\000\040\000a}{section.4}% 18
\BOOKMARK [2][-]{subsection.4.2}{\376\377\000P\000a\000r\000t\000\040\000b}{section.4}% 19
\BOOKMARK [2][-]{subsection.4.3}{\376\377\000P\000a\000r\000t\000\040\000c}{section.4}% 20
\BOOKMARK [1][-]{section.5}{\376\377\000P\000r\000o\000b\000l\000e\000m\000\040\0005}{}% 21
\BOOKMARK [1][-]{section.6}{\376\377\000P\000r\000o\000b\000l\000e\000m\000\040\0006}{}% 22
\BOOKMARK [2][-]{subsection.6.1}{\376\377\000I\000n\000i\000t\000i\000a\000l\000\040\000L\000i\000n\000e\000a\000r\000i\000z\000e\000d\000\040\000S\000y\000s\000t\000e\000m\000\040\000S\000t\000a\000b\000i\000l\000i\000t\000y}{section.6}% 23
\BOOKMARK [2][-]{subsection.6.2}{\376\377\000L\000y\000a\000p\000n\000o\000v\000\040\000M\000e\000t\000h\000o\000d}{section.6}% 24
\BOOKMARK [1][-]{appendix.A}{\376\377\000M\000A\000T\000L\000A\000B\000\040\000C\000o\000d\000e\000:}{}% 25
