\BOOKMARK [1][-]{section.1}{\376\377\000P\000r\000o\000b\000l\000e\000m\000\040\0001}{}% 1
\BOOKMARK [2][-]{subsection.1.1}{\376\377\000P\000a\000r\000t\000\040\000a}{section.1}% 2
\BOOKMARK [2][-]{subsection.1.2}{\376\377\000P\000a\000r\000t\000\040\000b}{section.1}% 3
\BOOKMARK [2][-]{subsection.1.3}{\376\377\000P\000a\000r\000t\000\040\000c}{section.1}% 4
\BOOKMARK [2][-]{subsection.1.4}{\376\377\000P\000a\000r\000t\000\040\000d}{section.1}% 5
\BOOKMARK [1][-]{section.2}{\376\377\000P\000r\000o\000b\000l\000e\000m\000\040\0002\000\040\000-\000\040\000S\000\040\0003\000.\0007\000.\0003}{}% 6
\BOOKMARK [2][-]{subsection.2.1}{\376\377\000P\000a\000r\000t\000\040\000a}{section.2}% 7
\BOOKMARK [2][-]{subsection.2.2}{\376\377\000P\000a\000r\000t\000\040\000b}{section.2}% 8
\BOOKMARK [2][-]{subsection.2.3}{\376\377\000P\000a\000r\000t\000\040\000c}{section.2}% 9
\BOOKMARK [2][-]{subsection.2.4}{\376\377\000P\000a\000r\000t\000\040\000d}{section.2}% 10
\BOOKMARK [1][-]{section.3}{\376\377\000P\000r\000o\000b\000l\000e\000m\000\040\0003\000\040\000-\000\040\000S\000\040\0003\000.\0007\000.\0004}{}% 11
\BOOKMARK [2][-]{subsection.3.1}{\376\377\000P\000a\000r\000t\000\040\000a}{section.3}% 12
\BOOKMARK [2][-]{subsection.3.2}{\376\377\000P\000a\000r\000t\000\040\000b}{section.3}% 13
\BOOKMARK [2][-]{subsection.3.3}{\376\377\000P\000a\000r\000t\000\040\000c}{section.3}% 14
\BOOKMARK [2][-]{subsection.3.4}{\376\377\000P\000a\000r\000t\000\040\000d}{section.3}% 15
\BOOKMARK [2][-]{subsection.3.5}{\376\377\000P\000a\000r\000t\000\040\000e}{section.3}% 16
\BOOKMARK [2][-]{subsection.3.6}{\376\377\000P\000a\000r\000t\000\040\000f}{section.3}% 17
\BOOKMARK [1][-]{section.4}{\376\377\000P\000r\000o\000b\000l\000e\000m\000\040\0004\000\040\000-\000\040\000K\000\040\0003\000.\0008}{}% 18
\BOOKMARK [1][-]{section.5}{\376\377\000P\000r\000o\000b\000l\000e\000m\000\040\0005\000\040\000-\000\040\000K\000\040\0003\000.\0001\0003}{}% 19
\BOOKMARK [2][-]{subsection.5.1}{\376\377\000P\000a\000r\000t\000\040\000a\000\040\000-\000\040\000S\000e\000n\000s\000i\000t\000i\000v\000i\000t\000y\000\040\000C\000a\000l\000c\000u\000l\000a\000t\000i\000o\000n}{section.5}% 20
\BOOKMARK [2][-]{subsection.5.2}{\376\377\000P\000a\000r\000t\000\040\000b\000\040\000-\000\040\000S\000i\000m\000u\000l\000a\000t\000i\000o\000n}{section.5}% 21
\BOOKMARK [1][-]{appendix.A}{\376\377\000M\000A\000T\000L\000A\000B\000\040\000C\000o\000d\000e\000:}{}% 22
